[22-Jun-2025 14:34:56 UTC] PHP Warning:  Undefined array key 1 in /home/tushar/Local Sites/e-commerce/app/public/wp-content/plugins/ultimate-addons-for-gutenberg/lib/zipwp-images/classes/zipwp-images-api.php on line 471
[22-Jun-2025 14:34:56 UTC] PHP Warning:  Undefined array key 1 in /home/tushar/Local Sites/e-commerce/app/public/wp-content/plugins/ultimate-addons-for-gutenberg/lib/zipwp-images/classes/zipwp-images-api.php on line 471
[22-Jun-2025 14:34:56 UTC] PHP Warning:  Undefined array key 1 in /home/tushar/Local Sites/e-commerce/app/public/wp-content/plugins/ultimate-addons-for-gutenberg/lib/zipwp-images/classes/zipwp-images-api.php on line 471
[22-Jun-2025 14:34:56 UTC] PHP Warning:  Undefined array key 1 in /home/tushar/Local Sites/e-commerce/app/public/wp-content/plugins/ultimate-addons-for-gutenberg/lib/zipwp-images/classes/zipwp-images-api.php on line 471
[22-Jun-2025 14:34:56 UTC] PHP Warning:  Undefined array key 1 in /home/tushar/Local Sites/e-commerce/app/public/wp-content/plugins/ultimate-addons-for-gutenberg/lib/zipwp-images/classes/zipwp-images-api.php on line 471
[22-Jun-2025 14:34:56 UTC] PHP Warning:  Undefined array key 1 in /home/tushar/Local Sites/e-commerce/app/public/wp-content/plugins/ultimate-addons-for-gutenberg/lib/zipwp-images/classes/zipwp-images-api.php on line 471
[22-Jun-2025 14:34:56 UTC] PHP Warning:  Undefined array key 1 in /home/tushar/Local Sites/e-commerce/app/public/wp-content/plugins/ultimate-addons-for-gutenberg/lib/zipwp-images/classes/zipwp-images-api.php on line 471
[22-Jun-2025 14:34:56 UTC] PHP Warning:  Undefined array key 1 in /home/tushar/Local Sites/e-commerce/app/public/wp-content/plugins/ultimate-addons-for-gutenberg/lib/zipwp-images/classes/zipwp-images-api.php on line 471
[22-Jun-2025 14:34:56 UTC] PHP Warning:  Undefined array key 1 in /home/tushar/Local Sites/e-commerce/app/public/wp-content/plugins/ultimate-addons-for-gutenberg/lib/zipwp-images/classes/zipwp-images-api.php on line 471
[22-Jun-2025 14:34:56 UTC] PHP Warning:  Undefined array key 1 in /home/tushar/Local Sites/e-commerce/app/public/wp-content/plugins/ultimate-addons-for-gutenberg/lib/zipwp-images/classes/zipwp-images-api.php on line 471
[22-Jun-2025 14:34:56 UTC] PHP Warning:  Undefined array key 1 in /home/tushar/Local Sites/e-commerce/app/public/wp-content/plugins/ultimate-addons-for-gutenberg/lib/zipwp-images/classes/zipwp-images-api.php on line 471
[22-Jun-2025 14:34:56 UTC] PHP Warning:  Undefined array key 1 in /home/tushar/Local Sites/e-commerce/app/public/wp-content/plugins/ultimate-addons-for-gutenberg/lib/zipwp-images/classes/zipwp-images-api.php on line 471
[22-Jun-2025 14:34:56 UTC] PHP Warning:  Undefined array key 1 in /home/tushar/Local Sites/e-commerce/app/public/wp-content/plugins/ultimate-addons-for-gutenberg/lib/zipwp-images/classes/zipwp-images-api.php on line 471
[22-Jun-2025 14:34:56 UTC] PHP Warning:  Undefined array key 1 in /home/tushar/Local Sites/e-commerce/app/public/wp-content/plugins/ultimate-addons-for-gutenberg/lib/zipwp-images/classes/zipwp-images-api.php on line 471
[22-Jun-2025 14:34:56 UTC] PHP Warning:  Undefined array key 1 in /home/tushar/Local Sites/e-commerce/app/public/wp-content/plugins/ultimate-addons-for-gutenberg/lib/zipwp-images/classes/zipwp-images-api.php on line 471
[22-Jun-2025 14:34:56 UTC] PHP Warning:  Undefined array key 1 in /home/tushar/Local Sites/e-commerce/app/public/wp-content/plugins/ultimate-addons-for-gutenberg/lib/zipwp-images/classes/zipwp-images-api.php on line 471
[22-Jun-2025 14:34:56 UTC] PHP Warning:  Undefined array key 1 in /home/tushar/Local Sites/e-commerce/app/public/wp-content/plugins/ultimate-addons-for-gutenberg/lib/zipwp-images/classes/zipwp-images-api.php on line 471
[22-Jun-2025 14:34:56 UTC] PHP Warning:  Undefined array key 1 in /home/tushar/Local Sites/e-commerce/app/public/wp-content/plugins/ultimate-addons-for-gutenberg/lib/zipwp-images/classes/zipwp-images-api.php on line 471
[22-Jun-2025 14:34:56 UTC] PHP Warning:  Undefined array key 1 in /home/tushar/Local Sites/e-commerce/app/public/wp-content/plugins/ultimate-addons-for-gutenberg/lib/zipwp-images/classes/zipwp-images-api.php on line 471
[22-Jun-2025 14:34:56 UTC] PHP Warning:  Undefined array key 1 in /home/tushar/Local Sites/e-commerce/app/public/wp-content/plugins/ultimate-addons-for-gutenberg/lib/zipwp-images/classes/zipwp-images-api.php on line 471
[22-Jun-2025 14:35:01 UTC] PHP Warning:  Undefined array key 1 in /home/tushar/Local Sites/e-commerce/app/public/wp-content/plugins/ultimate-addons-for-gutenberg/lib/zipwp-images/classes/zipwp-images-api.php on line 471
[22-Jun-2025 14:35:01 UTC] PHP Warning:  Undefined array key 1 in /home/tushar/Local Sites/e-commerce/app/public/wp-content/plugins/ultimate-addons-for-gutenberg/lib/zipwp-images/classes/zipwp-images-api.php on line 471
[22-Jun-2025 14:35:01 UTC] PHP Warning:  Undefined array key 1 in /home/tushar/Local Sites/e-commerce/app/public/wp-content/plugins/ultimate-addons-for-gutenberg/lib/zipwp-images/classes/zipwp-images-api.php on line 471
[22-Jun-2025 14:35:01 UTC] PHP Warning:  Undefined array key 1 in /home/tushar/Local Sites/e-commerce/app/public/wp-content/plugins/ultimate-addons-for-gutenberg/lib/zipwp-images/classes/zipwp-images-api.php on line 471
[22-Jun-2025 14:35:01 UTC] PHP Warning:  Undefined array key 1 in /home/tushar/Local Sites/e-commerce/app/public/wp-content/plugins/ultimate-addons-for-gutenberg/lib/zipwp-images/classes/zipwp-images-api.php on line 471
[22-Jun-2025 14:35:01 UTC] PHP Warning:  Undefined array key 1 in /home/tushar/Local Sites/e-commerce/app/public/wp-content/plugins/ultimate-addons-for-gutenberg/lib/zipwp-images/classes/zipwp-images-api.php on line 471
[22-Jun-2025 14:35:01 UTC] PHP Warning:  Undefined array key 1 in /home/tushar/Local Sites/e-commerce/app/public/wp-content/plugins/ultimate-addons-for-gutenberg/lib/zipwp-images/classes/zipwp-images-api.php on line 471
[22-Jun-2025 14:35:01 UTC] PHP Warning:  Undefined array key 1 in /home/tushar/Local Sites/e-commerce/app/public/wp-content/plugins/ultimate-addons-for-gutenberg/lib/zipwp-images/classes/zipwp-images-api.php on line 471
[22-Jun-2025 14:35:01 UTC] PHP Warning:  Undefined array key 1 in /home/tushar/Local Sites/e-commerce/app/public/wp-content/plugins/ultimate-addons-for-gutenberg/lib/zipwp-images/classes/zipwp-images-api.php on line 471
[22-Jun-2025 14:35:01 UTC] PHP Warning:  Undefined array key 1 in /home/tushar/Local Sites/e-commerce/app/public/wp-content/plugins/ultimate-addons-for-gutenberg/lib/zipwp-images/classes/zipwp-images-api.php on line 471
[22-Jun-2025 14:35:01 UTC] PHP Warning:  Undefined array key 1 in /home/tushar/Local Sites/e-commerce/app/public/wp-content/plugins/ultimate-addons-for-gutenberg/lib/zipwp-images/classes/zipwp-images-api.php on line 471
[22-Jun-2025 14:35:01 UTC] PHP Warning:  Undefined array key 1 in /home/tushar/Local Sites/e-commerce/app/public/wp-content/plugins/ultimate-addons-for-gutenberg/lib/zipwp-images/classes/zipwp-images-api.php on line 471
[22-Jun-2025 14:35:01 UTC] PHP Warning:  Undefined array key 1 in /home/tushar/Local Sites/e-commerce/app/public/wp-content/plugins/ultimate-addons-for-gutenberg/lib/zipwp-images/classes/zipwp-images-api.php on line 471
[22-Jun-2025 14:35:01 UTC] PHP Warning:  Undefined array key 1 in /home/tushar/Local Sites/e-commerce/app/public/wp-content/plugins/ultimate-addons-for-gutenberg/lib/zipwp-images/classes/zipwp-images-api.php on line 471
[22-Jun-2025 14:35:01 UTC] PHP Warning:  Undefined array key 1 in /home/tushar/Local Sites/e-commerce/app/public/wp-content/plugins/ultimate-addons-for-gutenberg/lib/zipwp-images/classes/zipwp-images-api.php on line 471
[22-Jun-2025 14:35:01 UTC] PHP Warning:  Undefined array key 1 in /home/tushar/Local Sites/e-commerce/app/public/wp-content/plugins/ultimate-addons-for-gutenberg/lib/zipwp-images/classes/zipwp-images-api.php on line 471
[22-Jun-2025 14:35:01 UTC] PHP Warning:  Undefined array key 1 in /home/tushar/Local Sites/e-commerce/app/public/wp-content/plugins/ultimate-addons-for-gutenberg/lib/zipwp-images/classes/zipwp-images-api.php on line 471
[22-Jun-2025 14:35:01 UTC] PHP Warning:  Undefined array key 1 in /home/tushar/Local Sites/e-commerce/app/public/wp-content/plugins/ultimate-addons-for-gutenberg/lib/zipwp-images/classes/zipwp-images-api.php on line 471
[22-Jun-2025 14:35:01 UTC] PHP Warning:  Undefined array key 1 in /home/tushar/Local Sites/e-commerce/app/public/wp-content/plugins/ultimate-addons-for-gutenberg/lib/zipwp-images/classes/zipwp-images-api.php on line 471
[22-Jun-2025 14:35:01 UTC] PHP Warning:  Undefined array key 1 in /home/tushar/Local Sites/e-commerce/app/public/wp-content/plugins/ultimate-addons-for-gutenberg/lib/zipwp-images/classes/zipwp-images-api.php on line 471
[22-Jun-2025 14:36:26 UTC] PHP Warning:  Undefined array key 1 in /home/tushar/Local Sites/e-commerce/app/public/wp-content/plugins/ultimate-addons-for-gutenberg/lib/zipwp-images/classes/zipwp-images-api.php on line 471
[22-Jun-2025 14:36:26 UTC] PHP Warning:  Undefined array key 1 in /home/tushar/Local Sites/e-commerce/app/public/wp-content/plugins/ultimate-addons-for-gutenberg/lib/zipwp-images/classes/zipwp-images-api.php on line 471
[22-Jun-2025 14:36:26 UTC] PHP Warning:  Undefined array key 1 in /home/tushar/Local Sites/e-commerce/app/public/wp-content/plugins/ultimate-addons-for-gutenberg/lib/zipwp-images/classes/zipwp-images-api.php on line 471
[22-Jun-2025 14:36:26 UTC] PHP Warning:  Undefined array key 1 in /home/tushar/Local Sites/e-commerce/app/public/wp-content/plugins/ultimate-addons-for-gutenberg/lib/zipwp-images/classes/zipwp-images-api.php on line 471
[22-Jun-2025 14:36:26 UTC] PHP Warning:  Undefined array key 1 in /home/tushar/Local Sites/e-commerce/app/public/wp-content/plugins/ultimate-addons-for-gutenberg/lib/zipwp-images/classes/zipwp-images-api.php on line 471
[22-Jun-2025 14:36:26 UTC] PHP Warning:  Undefined array key 1 in /home/tushar/Local Sites/e-commerce/app/public/wp-content/plugins/ultimate-addons-for-gutenberg/lib/zipwp-images/classes/zipwp-images-api.php on line 471
[22-Jun-2025 14:36:26 UTC] PHP Warning:  Undefined array key 1 in /home/tushar/Local Sites/e-commerce/app/public/wp-content/plugins/ultimate-addons-for-gutenberg/lib/zipwp-images/classes/zipwp-images-api.php on line 471
[22-Jun-2025 14:36:26 UTC] PHP Warning:  Undefined array key 1 in /home/tushar/Local Sites/e-commerce/app/public/wp-content/plugins/ultimate-addons-for-gutenberg/lib/zipwp-images/classes/zipwp-images-api.php on line 471
[22-Jun-2025 14:36:26 UTC] PHP Warning:  Undefined array key 1 in /home/tushar/Local Sites/e-commerce/app/public/wp-content/plugins/ultimate-addons-for-gutenberg/lib/zipwp-images/classes/zipwp-images-api.php on line 471
[22-Jun-2025 14:36:26 UTC] PHP Warning:  Undefined array key 1 in /home/tushar/Local Sites/e-commerce/app/public/wp-content/plugins/ultimate-addons-for-gutenberg/lib/zipwp-images/classes/zipwp-images-api.php on line 471
[22-Jun-2025 14:36:26 UTC] PHP Warning:  Undefined array key 1 in /home/tushar/Local Sites/e-commerce/app/public/wp-content/plugins/ultimate-addons-for-gutenberg/lib/zipwp-images/classes/zipwp-images-api.php on line 471
[22-Jun-2025 14:36:26 UTC] PHP Warning:  Undefined array key 1 in /home/tushar/Local Sites/e-commerce/app/public/wp-content/plugins/ultimate-addons-for-gutenberg/lib/zipwp-images/classes/zipwp-images-api.php on line 471
[22-Jun-2025 14:36:26 UTC] PHP Warning:  Undefined array key 1 in /home/tushar/Local Sites/e-commerce/app/public/wp-content/plugins/ultimate-addons-for-gutenberg/lib/zipwp-images/classes/zipwp-images-api.php on line 471
[22-Jun-2025 14:36:26 UTC] PHP Warning:  Undefined array key 1 in /home/tushar/Local Sites/e-commerce/app/public/wp-content/plugins/ultimate-addons-for-gutenberg/lib/zipwp-images/classes/zipwp-images-api.php on line 471
[22-Jun-2025 14:36:26 UTC] PHP Warning:  Undefined array key 1 in /home/tushar/Local Sites/e-commerce/app/public/wp-content/plugins/ultimate-addons-for-gutenberg/lib/zipwp-images/classes/zipwp-images-api.php on line 471
[22-Jun-2025 14:36:26 UTC] PHP Warning:  Undefined array key 1 in /home/tushar/Local Sites/e-commerce/app/public/wp-content/plugins/ultimate-addons-for-gutenberg/lib/zipwp-images/classes/zipwp-images-api.php on line 471
[22-Jun-2025 14:36:26 UTC] PHP Warning:  Undefined array key 1 in /home/tushar/Local Sites/e-commerce/app/public/wp-content/plugins/ultimate-addons-for-gutenberg/lib/zipwp-images/classes/zipwp-images-api.php on line 471
[22-Jun-2025 14:36:26 UTC] PHP Warning:  Undefined array key 1 in /home/tushar/Local Sites/e-commerce/app/public/wp-content/plugins/ultimate-addons-for-gutenberg/lib/zipwp-images/classes/zipwp-images-api.php on line 471
[22-Jun-2025 14:36:26 UTC] PHP Warning:  Undefined array key 1 in /home/tushar/Local Sites/e-commerce/app/public/wp-content/plugins/ultimate-addons-for-gutenberg/lib/zipwp-images/classes/zipwp-images-api.php on line 471
[22-Jun-2025 14:36:26 UTC] PHP Warning:  Undefined array key 1 in /home/tushar/Local Sites/e-commerce/app/public/wp-content/plugins/ultimate-addons-for-gutenberg/lib/zipwp-images/classes/zipwp-images-api.php on line 471
[22-Jun-2025 14:44:14 UTC] PHP Warning:  Undefined array key "width" in /home/tushar/Local Sites/e-commerce/app/public/wp-admin/includes/image.php on line 110
[22-Jun-2025 14:44:14 UTC] PHP Warning:  Undefined array key "height" in /home/tushar/Local Sites/e-commerce/app/public/wp-admin/includes/image.php on line 111
[22-Jun-2025 15:29:22 UTC] Invalid url passed to get_utm_ready_link function
[22-Jun-2025 15:29:22 UTC] Invalid url passed to get_utm_ready_link function
[22-Jun-2025 15:29:22 UTC] Invalid url passed to get_utm_ready_link function
[22-Jun-2025 15:29:22 UTC] Invalid url passed to get_utm_ready_link function
[22-Jun-2025 15:29:22 UTC] Invalid url passed to get_utm_ready_link function
[22-Jun-2025 15:29:22 UTC] Invalid url passed to get_utm_ready_link function
[22-Jun-2025 15:33:21 UTC] PHP Warning:  Undefined array key 1 in /home/tushar/Local Sites/e-commerce/app/public/wp-content/plugins/ultimate-addons-for-gutenberg/lib/zipwp-images/classes/zipwp-images-api.php on line 471
[22-Jun-2025 15:33:21 UTC] PHP Warning:  Undefined array key 1 in /home/tushar/Local Sites/e-commerce/app/public/wp-content/plugins/ultimate-addons-for-gutenberg/lib/zipwp-images/classes/zipwp-images-api.php on line 471
[22-Jun-2025 15:33:21 UTC] PHP Warning:  Undefined array key 1 in /home/tushar/Local Sites/e-commerce/app/public/wp-content/plugins/ultimate-addons-for-gutenberg/lib/zipwp-images/classes/zipwp-images-api.php on line 471
[22-Jun-2025 15:33:21 UTC] PHP Warning:  Undefined array key 1 in /home/tushar/Local Sites/e-commerce/app/public/wp-content/plugins/ultimate-addons-for-gutenberg/lib/zipwp-images/classes/zipwp-images-api.php on line 471
[22-Jun-2025 15:33:21 UTC] PHP Warning:  Undefined array key 1 in /home/tushar/Local Sites/e-commerce/app/public/wp-content/plugins/ultimate-addons-for-gutenberg/lib/zipwp-images/classes/zipwp-images-api.php on line 471
[22-Jun-2025 15:33:21 UTC] PHP Warning:  Undefined array key 1 in /home/tushar/Local Sites/e-commerce/app/public/wp-content/plugins/ultimate-addons-for-gutenberg/lib/zipwp-images/classes/zipwp-images-api.php on line 471
[22-Jun-2025 15:33:21 UTC] PHP Warning:  Undefined array key 1 in /home/tushar/Local Sites/e-commerce/app/public/wp-content/plugins/ultimate-addons-for-gutenberg/lib/zipwp-images/classes/zipwp-images-api.php on line 471
[22-Jun-2025 15:33:21 UTC] PHP Warning:  Undefined array key 1 in /home/tushar/Local Sites/e-commerce/app/public/wp-content/plugins/ultimate-addons-for-gutenberg/lib/zipwp-images/classes/zipwp-images-api.php on line 471
[22-Jun-2025 15:33:21 UTC] PHP Warning:  Undefined array key 1 in /home/tushar/Local Sites/e-commerce/app/public/wp-content/plugins/ultimate-addons-for-gutenberg/lib/zipwp-images/classes/zipwp-images-api.php on line 471
[22-Jun-2025 15:33:21 UTC] PHP Warning:  Undefined array key 1 in /home/tushar/Local Sites/e-commerce/app/public/wp-content/plugins/ultimate-addons-for-gutenberg/lib/zipwp-images/classes/zipwp-images-api.php on line 471
[22-Jun-2025 15:33:21 UTC] PHP Warning:  Undefined array key 1 in /home/tushar/Local Sites/e-commerce/app/public/wp-content/plugins/ultimate-addons-for-gutenberg/lib/zipwp-images/classes/zipwp-images-api.php on line 471
[22-Jun-2025 15:33:21 UTC] PHP Warning:  Undefined array key 1 in /home/tushar/Local Sites/e-commerce/app/public/wp-content/plugins/ultimate-addons-for-gutenberg/lib/zipwp-images/classes/zipwp-images-api.php on line 471
[22-Jun-2025 15:33:21 UTC] PHP Warning:  Undefined array key 1 in /home/tushar/Local Sites/e-commerce/app/public/wp-content/plugins/ultimate-addons-for-gutenberg/lib/zipwp-images/classes/zipwp-images-api.php on line 471
[22-Jun-2025 15:33:21 UTC] PHP Warning:  Undefined array key 1 in /home/tushar/Local Sites/e-commerce/app/public/wp-content/plugins/ultimate-addons-for-gutenberg/lib/zipwp-images/classes/zipwp-images-api.php on line 471
[22-Jun-2025 15:33:21 UTC] PHP Warning:  Undefined array key 1 in /home/tushar/Local Sites/e-commerce/app/public/wp-content/plugins/ultimate-addons-for-gutenberg/lib/zipwp-images/classes/zipwp-images-api.php on line 471
[22-Jun-2025 15:33:21 UTC] PHP Warning:  Undefined array key 1 in /home/tushar/Local Sites/e-commerce/app/public/wp-content/plugins/ultimate-addons-for-gutenberg/lib/zipwp-images/classes/zipwp-images-api.php on line 471
[22-Jun-2025 15:33:21 UTC] PHP Warning:  Undefined array key 1 in /home/tushar/Local Sites/e-commerce/app/public/wp-content/plugins/ultimate-addons-for-gutenberg/lib/zipwp-images/classes/zipwp-images-api.php on line 471
[22-Jun-2025 15:33:21 UTC] PHP Warning:  Undefined array key 1 in /home/tushar/Local Sites/e-commerce/app/public/wp-content/plugins/ultimate-addons-for-gutenberg/lib/zipwp-images/classes/zipwp-images-api.php on line 471
[22-Jun-2025 15:33:21 UTC] PHP Warning:  Undefined array key 1 in /home/tushar/Local Sites/e-commerce/app/public/wp-content/plugins/ultimate-addons-for-gutenberg/lib/zipwp-images/classes/zipwp-images-api.php on line 471
[22-Jun-2025 15:33:21 UTC] PHP Warning:  Undefined array key 1 in /home/tushar/Local Sites/e-commerce/app/public/wp-content/plugins/ultimate-addons-for-gutenberg/lib/zipwp-images/classes/zipwp-images-api.php on line 471
[22-Jun-2025 15:33:24 UTC] PHP Warning:  Undefined array key 1 in /home/tushar/Local Sites/e-commerce/app/public/wp-content/plugins/ultimate-addons-for-gutenberg/lib/zipwp-images/classes/zipwp-images-api.php on line 471
[22-Jun-2025 15:33:24 UTC] PHP Warning:  Undefined array key 1 in /home/tushar/Local Sites/e-commerce/app/public/wp-content/plugins/ultimate-addons-for-gutenberg/lib/zipwp-images/classes/zipwp-images-api.php on line 471
[22-Jun-2025 15:33:24 UTC] PHP Warning:  Undefined array key 1 in /home/tushar/Local Sites/e-commerce/app/public/wp-content/plugins/ultimate-addons-for-gutenberg/lib/zipwp-images/classes/zipwp-images-api.php on line 471
[22-Jun-2025 15:33:24 UTC] PHP Warning:  Undefined array key 1 in /home/tushar/Local Sites/e-commerce/app/public/wp-content/plugins/ultimate-addons-for-gutenberg/lib/zipwp-images/classes/zipwp-images-api.php on line 471
[22-Jun-2025 15:33:24 UTC] PHP Warning:  Undefined array key 1 in /home/tushar/Local Sites/e-commerce/app/public/wp-content/plugins/ultimate-addons-for-gutenberg/lib/zipwp-images/classes/zipwp-images-api.php on line 471
[22-Jun-2025 15:33:24 UTC] PHP Warning:  Undefined array key 1 in /home/tushar/Local Sites/e-commerce/app/public/wp-content/plugins/ultimate-addons-for-gutenberg/lib/zipwp-images/classes/zipwp-images-api.php on line 471
[22-Jun-2025 15:33:24 UTC] PHP Warning:  Undefined array key 1 in /home/tushar/Local Sites/e-commerce/app/public/wp-content/plugins/ultimate-addons-for-gutenberg/lib/zipwp-images/classes/zipwp-images-api.php on line 471
[22-Jun-2025 15:33:24 UTC] PHP Warning:  Undefined array key 1 in /home/tushar/Local Sites/e-commerce/app/public/wp-content/plugins/ultimate-addons-for-gutenberg/lib/zipwp-images/classes/zipwp-images-api.php on line 471
[22-Jun-2025 15:33:24 UTC] PHP Warning:  Undefined array key 1 in /home/tushar/Local Sites/e-commerce/app/public/wp-content/plugins/ultimate-addons-for-gutenberg/lib/zipwp-images/classes/zipwp-images-api.php on line 471
[22-Jun-2025 15:33:24 UTC] PHP Warning:  Undefined array key 1 in /home/tushar/Local Sites/e-commerce/app/public/wp-content/plugins/ultimate-addons-for-gutenberg/lib/zipwp-images/classes/zipwp-images-api.php on line 471
[22-Jun-2025 15:33:24 UTC] PHP Warning:  Undefined array key 1 in /home/tushar/Local Sites/e-commerce/app/public/wp-content/plugins/ultimate-addons-for-gutenberg/lib/zipwp-images/classes/zipwp-images-api.php on line 471
[22-Jun-2025 15:33:24 UTC] PHP Warning:  Undefined array key 1 in /home/tushar/Local Sites/e-commerce/app/public/wp-content/plugins/ultimate-addons-for-gutenberg/lib/zipwp-images/classes/zipwp-images-api.php on line 471
[22-Jun-2025 15:33:24 UTC] PHP Warning:  Undefined array key 1 in /home/tushar/Local Sites/e-commerce/app/public/wp-content/plugins/ultimate-addons-for-gutenberg/lib/zipwp-images/classes/zipwp-images-api.php on line 471
[22-Jun-2025 15:33:24 UTC] PHP Warning:  Undefined array key 1 in /home/tushar/Local Sites/e-commerce/app/public/wp-content/plugins/ultimate-addons-for-gutenberg/lib/zipwp-images/classes/zipwp-images-api.php on line 471
[22-Jun-2025 15:33:24 UTC] PHP Warning:  Undefined array key 1 in /home/tushar/Local Sites/e-commerce/app/public/wp-content/plugins/ultimate-addons-for-gutenberg/lib/zipwp-images/classes/zipwp-images-api.php on line 471
[22-Jun-2025 15:33:24 UTC] PHP Warning:  Undefined array key 1 in /home/tushar/Local Sites/e-commerce/app/public/wp-content/plugins/ultimate-addons-for-gutenberg/lib/zipwp-images/classes/zipwp-images-api.php on line 471
[22-Jun-2025 15:33:24 UTC] PHP Warning:  Undefined array key 1 in /home/tushar/Local Sites/e-commerce/app/public/wp-content/plugins/ultimate-addons-for-gutenberg/lib/zipwp-images/classes/zipwp-images-api.php on line 471
[22-Jun-2025 15:33:24 UTC] PHP Warning:  Undefined array key 1 in /home/tushar/Local Sites/e-commerce/app/public/wp-content/plugins/ultimate-addons-for-gutenberg/lib/zipwp-images/classes/zipwp-images-api.php on line 471
[22-Jun-2025 15:33:24 UTC] PHP Warning:  Undefined array key 1 in /home/tushar/Local Sites/e-commerce/app/public/wp-content/plugins/ultimate-addons-for-gutenberg/lib/zipwp-images/classes/zipwp-images-api.php on line 471
[22-Jun-2025 15:33:24 UTC] PHP Warning:  Undefined array key 1 in /home/tushar/Local Sites/e-commerce/app/public/wp-content/plugins/ultimate-addons-for-gutenberg/lib/zipwp-images/classes/zipwp-images-api.php on line 471
[22-Jun-2025 15:33:26 UTC] PHP Warning:  Undefined array key 1 in /home/tushar/Local Sites/e-commerce/app/public/wp-content/plugins/ultimate-addons-for-gutenberg/lib/zipwp-images/classes/zipwp-images-api.php on line 471
[22-Jun-2025 15:33:26 UTC] PHP Warning:  Undefined array key 1 in /home/tushar/Local Sites/e-commerce/app/public/wp-content/plugins/ultimate-addons-for-gutenberg/lib/zipwp-images/classes/zipwp-images-api.php on line 471
[22-Jun-2025 15:33:26 UTC] PHP Warning:  Undefined array key 1 in /home/tushar/Local Sites/e-commerce/app/public/wp-content/plugins/ultimate-addons-for-gutenberg/lib/zipwp-images/classes/zipwp-images-api.php on line 471
[22-Jun-2025 15:33:26 UTC] PHP Warning:  Undefined array key 1 in /home/tushar/Local Sites/e-commerce/app/public/wp-content/plugins/ultimate-addons-for-gutenberg/lib/zipwp-images/classes/zipwp-images-api.php on line 471
[22-Jun-2025 15:33:26 UTC] PHP Warning:  Undefined array key 1 in /home/tushar/Local Sites/e-commerce/app/public/wp-content/plugins/ultimate-addons-for-gutenberg/lib/zipwp-images/classes/zipwp-images-api.php on line 471
[22-Jun-2025 15:33:26 UTC] PHP Warning:  Undefined array key 1 in /home/tushar/Local Sites/e-commerce/app/public/wp-content/plugins/ultimate-addons-for-gutenberg/lib/zipwp-images/classes/zipwp-images-api.php on line 471
[22-Jun-2025 15:33:26 UTC] PHP Warning:  Undefined array key 1 in /home/tushar/Local Sites/e-commerce/app/public/wp-content/plugins/ultimate-addons-for-gutenberg/lib/zipwp-images/classes/zipwp-images-api.php on line 471
[22-Jun-2025 15:33:26 UTC] PHP Warning:  Undefined array key 1 in /home/tushar/Local Sites/e-commerce/app/public/wp-content/plugins/ultimate-addons-for-gutenberg/lib/zipwp-images/classes/zipwp-images-api.php on line 471
[22-Jun-2025 15:33:26 UTC] PHP Warning:  Undefined array key 1 in /home/tushar/Local Sites/e-commerce/app/public/wp-content/plugins/ultimate-addons-for-gutenberg/lib/zipwp-images/classes/zipwp-images-api.php on line 471
[22-Jun-2025 15:33:26 UTC] PHP Warning:  Undefined array key 1 in /home/tushar/Local Sites/e-commerce/app/public/wp-content/plugins/ultimate-addons-for-gutenberg/lib/zipwp-images/classes/zipwp-images-api.php on line 471
[22-Jun-2025 15:33:26 UTC] PHP Warning:  Undefined array key 1 in /home/tushar/Local Sites/e-commerce/app/public/wp-content/plugins/ultimate-addons-for-gutenberg/lib/zipwp-images/classes/zipwp-images-api.php on line 471
[22-Jun-2025 15:33:26 UTC] PHP Warning:  Undefined array key 1 in /home/tushar/Local Sites/e-commerce/app/public/wp-content/plugins/ultimate-addons-for-gutenberg/lib/zipwp-images/classes/zipwp-images-api.php on line 471
[22-Jun-2025 15:33:26 UTC] PHP Warning:  Undefined array key 1 in /home/tushar/Local Sites/e-commerce/app/public/wp-content/plugins/ultimate-addons-for-gutenberg/lib/zipwp-images/classes/zipwp-images-api.php on line 471
[22-Jun-2025 15:33:26 UTC] PHP Warning:  Undefined array key 1 in /home/tushar/Local Sites/e-commerce/app/public/wp-content/plugins/ultimate-addons-for-gutenberg/lib/zipwp-images/classes/zipwp-images-api.php on line 471
[22-Jun-2025 15:33:26 UTC] PHP Warning:  Undefined array key 1 in /home/tushar/Local Sites/e-commerce/app/public/wp-content/plugins/ultimate-addons-for-gutenberg/lib/zipwp-images/classes/zipwp-images-api.php on line 471
[22-Jun-2025 15:33:26 UTC] PHP Warning:  Undefined array key 1 in /home/tushar/Local Sites/e-commerce/app/public/wp-content/plugins/ultimate-addons-for-gutenberg/lib/zipwp-images/classes/zipwp-images-api.php on line 471
[22-Jun-2025 15:33:26 UTC] PHP Warning:  Undefined array key 1 in /home/tushar/Local Sites/e-commerce/app/public/wp-content/plugins/ultimate-addons-for-gutenberg/lib/zipwp-images/classes/zipwp-images-api.php on line 471
[22-Jun-2025 15:33:26 UTC] PHP Warning:  Undefined array key 1 in /home/tushar/Local Sites/e-commerce/app/public/wp-content/plugins/ultimate-addons-for-gutenberg/lib/zipwp-images/classes/zipwp-images-api.php on line 471
[22-Jun-2025 15:33:26 UTC] PHP Warning:  Undefined array key 1 in /home/tushar/Local Sites/e-commerce/app/public/wp-content/plugins/ultimate-addons-for-gutenberg/lib/zipwp-images/classes/zipwp-images-api.php on line 471
[22-Jun-2025 15:33:26 UTC] PHP Warning:  Undefined array key 1 in /home/tushar/Local Sites/e-commerce/app/public/wp-content/plugins/ultimate-addons-for-gutenberg/lib/zipwp-images/classes/zipwp-images-api.php on line 471
[22-Jun-2025 15:33:27 UTC] PHP Warning:  Undefined array key 1 in /home/tushar/Local Sites/e-commerce/app/public/wp-content/plugins/ultimate-addons-for-gutenberg/lib/zipwp-images/classes/zipwp-images-api.php on line 471
[22-Jun-2025 15:33:27 UTC] PHP Warning:  Undefined array key 1 in /home/tushar/Local Sites/e-commerce/app/public/wp-content/plugins/ultimate-addons-for-gutenberg/lib/zipwp-images/classes/zipwp-images-api.php on line 471
[22-Jun-2025 15:33:27 UTC] PHP Warning:  Undefined array key 1 in /home/tushar/Local Sites/e-commerce/app/public/wp-content/plugins/ultimate-addons-for-gutenberg/lib/zipwp-images/classes/zipwp-images-api.php on line 471
[22-Jun-2025 15:33:27 UTC] PHP Warning:  Undefined array key 1 in /home/tushar/Local Sites/e-commerce/app/public/wp-content/plugins/ultimate-addons-for-gutenberg/lib/zipwp-images/classes/zipwp-images-api.php on line 471
[22-Jun-2025 15:33:27 UTC] PHP Warning:  Undefined array key 1 in /home/tushar/Local Sites/e-commerce/app/public/wp-content/plugins/ultimate-addons-for-gutenberg/lib/zipwp-images/classes/zipwp-images-api.php on line 471
[22-Jun-2025 15:33:27 UTC] PHP Warning:  Undefined array key 1 in /home/tushar/Local Sites/e-commerce/app/public/wp-content/plugins/ultimate-addons-for-gutenberg/lib/zipwp-images/classes/zipwp-images-api.php on line 471
[22-Jun-2025 15:33:27 UTC] PHP Warning:  Undefined array key 1 in /home/tushar/Local Sites/e-commerce/app/public/wp-content/plugins/ultimate-addons-for-gutenberg/lib/zipwp-images/classes/zipwp-images-api.php on line 471
[22-Jun-2025 15:33:27 UTC] PHP Warning:  Undefined array key 1 in /home/tushar/Local Sites/e-commerce/app/public/wp-content/plugins/ultimate-addons-for-gutenberg/lib/zipwp-images/classes/zipwp-images-api.php on line 471
[22-Jun-2025 15:33:27 UTC] PHP Warning:  Undefined array key 1 in /home/tushar/Local Sites/e-commerce/app/public/wp-content/plugins/ultimate-addons-for-gutenberg/lib/zipwp-images/classes/zipwp-images-api.php on line 471
[22-Jun-2025 15:33:27 UTC] PHP Warning:  Undefined array key 1 in /home/tushar/Local Sites/e-commerce/app/public/wp-content/plugins/ultimate-addons-for-gutenberg/lib/zipwp-images/classes/zipwp-images-api.php on line 471
[22-Jun-2025 15:33:27 UTC] PHP Warning:  Undefined array key 1 in /home/tushar/Local Sites/e-commerce/app/public/wp-content/plugins/ultimate-addons-for-gutenberg/lib/zipwp-images/classes/zipwp-images-api.php on line 471
[22-Jun-2025 15:33:27 UTC] PHP Warning:  Undefined array key 1 in /home/tushar/Local Sites/e-commerce/app/public/wp-content/plugins/ultimate-addons-for-gutenberg/lib/zipwp-images/classes/zipwp-images-api.php on line 471
[22-Jun-2025 15:33:27 UTC] PHP Warning:  Undefined array key 1 in /home/tushar/Local Sites/e-commerce/app/public/wp-content/plugins/ultimate-addons-for-gutenberg/lib/zipwp-images/classes/zipwp-images-api.php on line 471
[22-Jun-2025 15:33:27 UTC] PHP Warning:  Undefined array key 1 in /home/tushar/Local Sites/e-commerce/app/public/wp-content/plugins/ultimate-addons-for-gutenberg/lib/zipwp-images/classes/zipwp-images-api.php on line 471
[22-Jun-2025 15:33:27 UTC] PHP Warning:  Undefined array key 1 in /home/tushar/Local Sites/e-commerce/app/public/wp-content/plugins/ultimate-addons-for-gutenberg/lib/zipwp-images/classes/zipwp-images-api.php on line 471
[22-Jun-2025 15:33:27 UTC] PHP Warning:  Undefined array key 1 in /home/tushar/Local Sites/e-commerce/app/public/wp-content/plugins/ultimate-addons-for-gutenberg/lib/zipwp-images/classes/zipwp-images-api.php on line 471
[22-Jun-2025 15:33:27 UTC] PHP Warning:  Undefined array key 1 in /home/tushar/Local Sites/e-commerce/app/public/wp-content/plugins/ultimate-addons-for-gutenberg/lib/zipwp-images/classes/zipwp-images-api.php on line 471
[22-Jun-2025 15:33:27 UTC] PHP Warning:  Undefined array key 1 in /home/tushar/Local Sites/e-commerce/app/public/wp-content/plugins/ultimate-addons-for-gutenberg/lib/zipwp-images/classes/zipwp-images-api.php on line 471
[22-Jun-2025 15:33:27 UTC] PHP Warning:  Undefined array key 1 in /home/tushar/Local Sites/e-commerce/app/public/wp-content/plugins/ultimate-addons-for-gutenberg/lib/zipwp-images/classes/zipwp-images-api.php on line 471
[22-Jun-2025 15:33:27 UTC] PHP Warning:  Undefined array key 1 in /home/tushar/Local Sites/e-commerce/app/public/wp-content/plugins/ultimate-addons-for-gutenberg/lib/zipwp-images/classes/zipwp-images-api.php on line 471
[22-Jun-2025 15:33:29 UTC] PHP Warning:  Undefined array key 1 in /home/tushar/Local Sites/e-commerce/app/public/wp-content/plugins/ultimate-addons-for-gutenberg/lib/zipwp-images/classes/zipwp-images-api.php on line 471
[22-Jun-2025 15:33:29 UTC] PHP Warning:  Undefined array key 1 in /home/tushar/Local Sites/e-commerce/app/public/wp-content/plugins/ultimate-addons-for-gutenberg/lib/zipwp-images/classes/zipwp-images-api.php on line 471
[22-Jun-2025 15:33:29 UTC] PHP Warning:  Undefined array key 1 in /home/tushar/Local Sites/e-commerce/app/public/wp-content/plugins/ultimate-addons-for-gutenberg/lib/zipwp-images/classes/zipwp-images-api.php on line 471
[22-Jun-2025 15:33:29 UTC] PHP Warning:  Undefined array key 1 in /home/tushar/Local Sites/e-commerce/app/public/wp-content/plugins/ultimate-addons-for-gutenberg/lib/zipwp-images/classes/zipwp-images-api.php on line 471
[22-Jun-2025 15:33:29 UTC] PHP Warning:  Undefined array key 1 in /home/tushar/Local Sites/e-commerce/app/public/wp-content/plugins/ultimate-addons-for-gutenberg/lib/zipwp-images/classes/zipwp-images-api.php on line 471
[22-Jun-2025 15:33:29 UTC] PHP Warning:  Undefined array key 1 in /home/tushar/Local Sites/e-commerce/app/public/wp-content/plugins/ultimate-addons-for-gutenberg/lib/zipwp-images/classes/zipwp-images-api.php on line 471
[22-Jun-2025 15:33:29 UTC] PHP Warning:  Undefined array key 1 in /home/tushar/Local Sites/e-commerce/app/public/wp-content/plugins/ultimate-addons-for-gutenberg/lib/zipwp-images/classes/zipwp-images-api.php on line 471
[22-Jun-2025 15:33:29 UTC] PHP Warning:  Undefined array key 1 in /home/tushar/Local Sites/e-commerce/app/public/wp-content/plugins/ultimate-addons-for-gutenberg/lib/zipwp-images/classes/zipwp-images-api.php on line 471
[22-Jun-2025 15:33:29 UTC] PHP Warning:  Undefined array key 1 in /home/tushar/Local Sites/e-commerce/app/public/wp-content/plugins/ultimate-addons-for-gutenberg/lib/zipwp-images/classes/zipwp-images-api.php on line 471
[22-Jun-2025 15:33:29 UTC] PHP Warning:  Undefined array key 1 in /home/tushar/Local Sites/e-commerce/app/public/wp-content/plugins/ultimate-addons-for-gutenberg/lib/zipwp-images/classes/zipwp-images-api.php on line 471
[22-Jun-2025 15:33:29 UTC] PHP Warning:  Undefined array key 1 in /home/tushar/Local Sites/e-commerce/app/public/wp-content/plugins/ultimate-addons-for-gutenberg/lib/zipwp-images/classes/zipwp-images-api.php on line 471
[22-Jun-2025 15:33:29 UTC] PHP Warning:  Undefined array key 1 in /home/tushar/Local Sites/e-commerce/app/public/wp-content/plugins/ultimate-addons-for-gutenberg/lib/zipwp-images/classes/zipwp-images-api.php on line 471
[22-Jun-2025 15:33:29 UTC] PHP Warning:  Undefined array key 1 in /home/tushar/Local Sites/e-commerce/app/public/wp-content/plugins/ultimate-addons-for-gutenberg/lib/zipwp-images/classes/zipwp-images-api.php on line 471
[22-Jun-2025 15:33:29 UTC] PHP Warning:  Undefined array key 1 in /home/tushar/Local Sites/e-commerce/app/public/wp-content/plugins/ultimate-addons-for-gutenberg/lib/zipwp-images/classes/zipwp-images-api.php on line 471
[22-Jun-2025 15:33:29 UTC] PHP Warning:  Undefined array key 1 in /home/tushar/Local Sites/e-commerce/app/public/wp-content/plugins/ultimate-addons-for-gutenberg/lib/zipwp-images/classes/zipwp-images-api.php on line 471
[22-Jun-2025 15:33:29 UTC] PHP Warning:  Undefined array key 1 in /home/tushar/Local Sites/e-commerce/app/public/wp-content/plugins/ultimate-addons-for-gutenberg/lib/zipwp-images/classes/zipwp-images-api.php on line 471
[22-Jun-2025 15:33:29 UTC] PHP Warning:  Undefined array key 1 in /home/tushar/Local Sites/e-commerce/app/public/wp-content/plugins/ultimate-addons-for-gutenberg/lib/zipwp-images/classes/zipwp-images-api.php on line 471
[22-Jun-2025 15:33:29 UTC] PHP Warning:  Undefined array key 1 in /home/tushar/Local Sites/e-commerce/app/public/wp-content/plugins/ultimate-addons-for-gutenberg/lib/zipwp-images/classes/zipwp-images-api.php on line 471
[22-Jun-2025 15:33:29 UTC] PHP Warning:  Undefined array key 1 in /home/tushar/Local Sites/e-commerce/app/public/wp-content/plugins/ultimate-addons-for-gutenberg/lib/zipwp-images/classes/zipwp-images-api.php on line 471
[22-Jun-2025 15:33:29 UTC] PHP Warning:  Undefined array key 1 in /home/tushar/Local Sites/e-commerce/app/public/wp-content/plugins/ultimate-addons-for-gutenberg/lib/zipwp-images/classes/zipwp-images-api.php on line 471
[22-Jun-2025 15:33:38 UTC] PHP Warning:  Undefined array key 1 in /home/tushar/Local Sites/e-commerce/app/public/wp-content/plugins/ultimate-addons-for-gutenberg/lib/zipwp-images/classes/zipwp-images-api.php on line 471
[22-Jun-2025 15:33:38 UTC] PHP Warning:  Undefined array key 1 in /home/tushar/Local Sites/e-commerce/app/public/wp-content/plugins/ultimate-addons-for-gutenberg/lib/zipwp-images/classes/zipwp-images-api.php on line 471
[22-Jun-2025 15:33:38 UTC] PHP Warning:  Undefined array key 1 in /home/tushar/Local Sites/e-commerce/app/public/wp-content/plugins/ultimate-addons-for-gutenberg/lib/zipwp-images/classes/zipwp-images-api.php on line 471
[22-Jun-2025 15:33:38 UTC] PHP Warning:  Undefined array key 1 in /home/tushar/Local Sites/e-commerce/app/public/wp-content/plugins/ultimate-addons-for-gutenberg/lib/zipwp-images/classes/zipwp-images-api.php on line 471
[22-Jun-2025 15:33:38 UTC] PHP Warning:  Undefined array key 1 in /home/tushar/Local Sites/e-commerce/app/public/wp-content/plugins/ultimate-addons-for-gutenberg/lib/zipwp-images/classes/zipwp-images-api.php on line 471
[22-Jun-2025 15:33:38 UTC] PHP Warning:  Undefined array key 1 in /home/tushar/Local Sites/e-commerce/app/public/wp-content/plugins/ultimate-addons-for-gutenberg/lib/zipwp-images/classes/zipwp-images-api.php on line 471
[22-Jun-2025 15:33:38 UTC] PHP Warning:  Undefined array key 1 in /home/tushar/Local Sites/e-commerce/app/public/wp-content/plugins/ultimate-addons-for-gutenberg/lib/zipwp-images/classes/zipwp-images-api.php on line 471
[22-Jun-2025 15:33:38 UTC] PHP Warning:  Undefined array key 1 in /home/tushar/Local Sites/e-commerce/app/public/wp-content/plugins/ultimate-addons-for-gutenberg/lib/zipwp-images/classes/zipwp-images-api.php on line 471
[22-Jun-2025 15:33:38 UTC] PHP Warning:  Undefined array key 1 in /home/tushar/Local Sites/e-commerce/app/public/wp-content/plugins/ultimate-addons-for-gutenberg/lib/zipwp-images/classes/zipwp-images-api.php on line 471
[22-Jun-2025 15:33:38 UTC] PHP Warning:  Undefined array key 1 in /home/tushar/Local Sites/e-commerce/app/public/wp-content/plugins/ultimate-addons-for-gutenberg/lib/zipwp-images/classes/zipwp-images-api.php on line 471
[22-Jun-2025 15:33:38 UTC] PHP Warning:  Undefined array key 1 in /home/tushar/Local Sites/e-commerce/app/public/wp-content/plugins/ultimate-addons-for-gutenberg/lib/zipwp-images/classes/zipwp-images-api.php on line 471
[22-Jun-2025 15:33:38 UTC] PHP Warning:  Undefined array key 1 in /home/tushar/Local Sites/e-commerce/app/public/wp-content/plugins/ultimate-addons-for-gutenberg/lib/zipwp-images/classes/zipwp-images-api.php on line 471
[22-Jun-2025 15:33:38 UTC] PHP Warning:  Undefined array key 1 in /home/tushar/Local Sites/e-commerce/app/public/wp-content/plugins/ultimate-addons-for-gutenberg/lib/zipwp-images/classes/zipwp-images-api.php on line 471
[22-Jun-2025 15:33:38 UTC] PHP Warning:  Undefined array key 1 in /home/tushar/Local Sites/e-commerce/app/public/wp-content/plugins/ultimate-addons-for-gutenberg/lib/zipwp-images/classes/zipwp-images-api.php on line 471
[22-Jun-2025 15:33:38 UTC] PHP Warning:  Undefined array key 1 in /home/tushar/Local Sites/e-commerce/app/public/wp-content/plugins/ultimate-addons-for-gutenberg/lib/zipwp-images/classes/zipwp-images-api.php on line 471
[22-Jun-2025 15:33:38 UTC] PHP Warning:  Undefined array key 1 in /home/tushar/Local Sites/e-commerce/app/public/wp-content/plugins/ultimate-addons-for-gutenberg/lib/zipwp-images/classes/zipwp-images-api.php on line 471
[22-Jun-2025 15:33:38 UTC] PHP Warning:  Undefined array key 1 in /home/tushar/Local Sites/e-commerce/app/public/wp-content/plugins/ultimate-addons-for-gutenberg/lib/zipwp-images/classes/zipwp-images-api.php on line 471
[22-Jun-2025 15:33:38 UTC] PHP Warning:  Undefined array key 1 in /home/tushar/Local Sites/e-commerce/app/public/wp-content/plugins/ultimate-addons-for-gutenberg/lib/zipwp-images/classes/zipwp-images-api.php on line 471
[22-Jun-2025 15:33:38 UTC] PHP Warning:  Undefined array key 1 in /home/tushar/Local Sites/e-commerce/app/public/wp-content/plugins/ultimate-addons-for-gutenberg/lib/zipwp-images/classes/zipwp-images-api.php on line 471
[22-Jun-2025 15:33:38 UTC] PHP Warning:  Undefined array key 1 in /home/tushar/Local Sites/e-commerce/app/public/wp-content/plugins/ultimate-addons-for-gutenberg/lib/zipwp-images/classes/zipwp-images-api.php on line 471
[22-Jun-2025 15:33:48 UTC] PHP Warning:  Undefined array key 1 in /home/tushar/Local Sites/e-commerce/app/public/wp-content/plugins/ultimate-addons-for-gutenberg/lib/zipwp-images/classes/zipwp-images-api.php on line 471
[22-Jun-2025 15:33:48 UTC] PHP Warning:  Undefined array key 1 in /home/tushar/Local Sites/e-commerce/app/public/wp-content/plugins/ultimate-addons-for-gutenberg/lib/zipwp-images/classes/zipwp-images-api.php on line 471
[22-Jun-2025 15:33:48 UTC] PHP Warning:  Undefined array key 1 in /home/tushar/Local Sites/e-commerce/app/public/wp-content/plugins/ultimate-addons-for-gutenberg/lib/zipwp-images/classes/zipwp-images-api.php on line 471
[22-Jun-2025 15:33:48 UTC] PHP Warning:  Undefined array key 1 in /home/tushar/Local Sites/e-commerce/app/public/wp-content/plugins/ultimate-addons-for-gutenberg/lib/zipwp-images/classes/zipwp-images-api.php on line 471
[22-Jun-2025 15:33:48 UTC] PHP Warning:  Undefined array key 1 in /home/tushar/Local Sites/e-commerce/app/public/wp-content/plugins/ultimate-addons-for-gutenberg/lib/zipwp-images/classes/zipwp-images-api.php on line 471
[22-Jun-2025 15:33:48 UTC] PHP Warning:  Undefined array key 1 in /home/tushar/Local Sites/e-commerce/app/public/wp-content/plugins/ultimate-addons-for-gutenberg/lib/zipwp-images/classes/zipwp-images-api.php on line 471
[22-Jun-2025 15:33:48 UTC] PHP Warning:  Undefined array key 1 in /home/tushar/Local Sites/e-commerce/app/public/wp-content/plugins/ultimate-addons-for-gutenberg/lib/zipwp-images/classes/zipwp-images-api.php on line 471
[22-Jun-2025 15:33:48 UTC] PHP Warning:  Undefined array key 1 in /home/tushar/Local Sites/e-commerce/app/public/wp-content/plugins/ultimate-addons-for-gutenberg/lib/zipwp-images/classes/zipwp-images-api.php on line 471
[22-Jun-2025 15:33:48 UTC] PHP Warning:  Undefined array key 1 in /home/tushar/Local Sites/e-commerce/app/public/wp-content/plugins/ultimate-addons-for-gutenberg/lib/zipwp-images/classes/zipwp-images-api.php on line 471
[22-Jun-2025 15:33:48 UTC] PHP Warning:  Undefined array key 1 in /home/tushar/Local Sites/e-commerce/app/public/wp-content/plugins/ultimate-addons-for-gutenberg/lib/zipwp-images/classes/zipwp-images-api.php on line 471
[22-Jun-2025 15:33:48 UTC] PHP Warning:  Undefined array key 1 in /home/tushar/Local Sites/e-commerce/app/public/wp-content/plugins/ultimate-addons-for-gutenberg/lib/zipwp-images/classes/zipwp-images-api.php on line 471
[22-Jun-2025 15:33:48 UTC] PHP Warning:  Undefined array key 1 in /home/tushar/Local Sites/e-commerce/app/public/wp-content/plugins/ultimate-addons-for-gutenberg/lib/zipwp-images/classes/zipwp-images-api.php on line 471
[22-Jun-2025 15:33:48 UTC] PHP Warning:  Undefined array key 1 in /home/tushar/Local Sites/e-commerce/app/public/wp-content/plugins/ultimate-addons-for-gutenberg/lib/zipwp-images/classes/zipwp-images-api.php on line 471
[22-Jun-2025 15:33:48 UTC] PHP Warning:  Undefined array key 1 in /home/tushar/Local Sites/e-commerce/app/public/wp-content/plugins/ultimate-addons-for-gutenberg/lib/zipwp-images/classes/zipwp-images-api.php on line 471
[22-Jun-2025 15:33:48 UTC] PHP Warning:  Undefined array key 1 in /home/tushar/Local Sites/e-commerce/app/public/wp-content/plugins/ultimate-addons-for-gutenberg/lib/zipwp-images/classes/zipwp-images-api.php on line 471
[22-Jun-2025 15:33:48 UTC] PHP Warning:  Undefined array key 1 in /home/tushar/Local Sites/e-commerce/app/public/wp-content/plugins/ultimate-addons-for-gutenberg/lib/zipwp-images/classes/zipwp-images-api.php on line 471
[22-Jun-2025 15:33:48 UTC] PHP Warning:  Undefined array key 1 in /home/tushar/Local Sites/e-commerce/app/public/wp-content/plugins/ultimate-addons-for-gutenberg/lib/zipwp-images/classes/zipwp-images-api.php on line 471
[22-Jun-2025 15:33:48 UTC] PHP Warning:  Undefined array key 1 in /home/tushar/Local Sites/e-commerce/app/public/wp-content/plugins/ultimate-addons-for-gutenberg/lib/zipwp-images/classes/zipwp-images-api.php on line 471
[22-Jun-2025 15:33:48 UTC] PHP Warning:  Undefined array key 1 in /home/tushar/Local Sites/e-commerce/app/public/wp-content/plugins/ultimate-addons-for-gutenberg/lib/zipwp-images/classes/zipwp-images-api.php on line 471
[22-Jun-2025 15:33:48 UTC] PHP Warning:  Undefined array key 1 in /home/tushar/Local Sites/e-commerce/app/public/wp-content/plugins/ultimate-addons-for-gutenberg/lib/zipwp-images/classes/zipwp-images-api.php on line 471
[22-Jun-2025 15:33:49 UTC] PHP Warning:  Undefined array key 1 in /home/tushar/Local Sites/e-commerce/app/public/wp-content/plugins/ultimate-addons-for-gutenberg/lib/zipwp-images/classes/zipwp-images-api.php on line 471
[22-Jun-2025 15:33:49 UTC] PHP Warning:  Undefined array key 1 in /home/tushar/Local Sites/e-commerce/app/public/wp-content/plugins/ultimate-addons-for-gutenberg/lib/zipwp-images/classes/zipwp-images-api.php on line 471
[22-Jun-2025 15:33:49 UTC] PHP Warning:  Undefined array key 1 in /home/tushar/Local Sites/e-commerce/app/public/wp-content/plugins/ultimate-addons-for-gutenberg/lib/zipwp-images/classes/zipwp-images-api.php on line 471
[22-Jun-2025 15:33:49 UTC] PHP Warning:  Undefined array key 1 in /home/tushar/Local Sites/e-commerce/app/public/wp-content/plugins/ultimate-addons-for-gutenberg/lib/zipwp-images/classes/zipwp-images-api.php on line 471
[22-Jun-2025 15:33:49 UTC] PHP Warning:  Undefined array key 1 in /home/tushar/Local Sites/e-commerce/app/public/wp-content/plugins/ultimate-addons-for-gutenberg/lib/zipwp-images/classes/zipwp-images-api.php on line 471
[22-Jun-2025 15:33:49 UTC] PHP Warning:  Undefined array key 1 in /home/tushar/Local Sites/e-commerce/app/public/wp-content/plugins/ultimate-addons-for-gutenberg/lib/zipwp-images/classes/zipwp-images-api.php on line 471
[22-Jun-2025 15:33:49 UTC] PHP Warning:  Undefined array key 1 in /home/tushar/Local Sites/e-commerce/app/public/wp-content/plugins/ultimate-addons-for-gutenberg/lib/zipwp-images/classes/zipwp-images-api.php on line 471
[22-Jun-2025 15:33:49 UTC] PHP Warning:  Undefined array key 1 in /home/tushar/Local Sites/e-commerce/app/public/wp-content/plugins/ultimate-addons-for-gutenberg/lib/zipwp-images/classes/zipwp-images-api.php on line 471
[22-Jun-2025 15:33:49 UTC] PHP Warning:  Undefined array key 1 in /home/tushar/Local Sites/e-commerce/app/public/wp-content/plugins/ultimate-addons-for-gutenberg/lib/zipwp-images/classes/zipwp-images-api.php on line 471
[22-Jun-2025 15:33:49 UTC] PHP Warning:  Undefined array key 1 in /home/tushar/Local Sites/e-commerce/app/public/wp-content/plugins/ultimate-addons-for-gutenberg/lib/zipwp-images/classes/zipwp-images-api.php on line 471
[22-Jun-2025 15:33:49 UTC] PHP Warning:  Undefined array key 1 in /home/tushar/Local Sites/e-commerce/app/public/wp-content/plugins/ultimate-addons-for-gutenberg/lib/zipwp-images/classes/zipwp-images-api.php on line 471
[22-Jun-2025 15:33:49 UTC] PHP Warning:  Undefined array key 1 in /home/tushar/Local Sites/e-commerce/app/public/wp-content/plugins/ultimate-addons-for-gutenberg/lib/zipwp-images/classes/zipwp-images-api.php on line 471
[22-Jun-2025 15:33:49 UTC] PHP Warning:  Undefined array key 1 in /home/tushar/Local Sites/e-commerce/app/public/wp-content/plugins/ultimate-addons-for-gutenberg/lib/zipwp-images/classes/zipwp-images-api.php on line 471
[22-Jun-2025 15:33:49 UTC] PHP Warning:  Undefined array key 1 in /home/tushar/Local Sites/e-commerce/app/public/wp-content/plugins/ultimate-addons-for-gutenberg/lib/zipwp-images/classes/zipwp-images-api.php on line 471
[22-Jun-2025 15:33:49 UTC] PHP Warning:  Undefined array key 1 in /home/tushar/Local Sites/e-commerce/app/public/wp-content/plugins/ultimate-addons-for-gutenberg/lib/zipwp-images/classes/zipwp-images-api.php on line 471
[22-Jun-2025 15:33:49 UTC] PHP Warning:  Undefined array key 1 in /home/tushar/Local Sites/e-commerce/app/public/wp-content/plugins/ultimate-addons-for-gutenberg/lib/zipwp-images/classes/zipwp-images-api.php on line 471
[22-Jun-2025 15:33:49 UTC] PHP Warning:  Undefined array key 1 in /home/tushar/Local Sites/e-commerce/app/public/wp-content/plugins/ultimate-addons-for-gutenberg/lib/zipwp-images/classes/zipwp-images-api.php on line 471
[22-Jun-2025 15:33:49 UTC] PHP Warning:  Undefined array key 1 in /home/tushar/Local Sites/e-commerce/app/public/wp-content/plugins/ultimate-addons-for-gutenberg/lib/zipwp-images/classes/zipwp-images-api.php on line 471
[22-Jun-2025 15:33:49 UTC] PHP Warning:  Undefined array key 1 in /home/tushar/Local Sites/e-commerce/app/public/wp-content/plugins/ultimate-addons-for-gutenberg/lib/zipwp-images/classes/zipwp-images-api.php on line 471
[22-Jun-2025 15:33:49 UTC] PHP Warning:  Undefined array key 1 in /home/tushar/Local Sites/e-commerce/app/public/wp-content/plugins/ultimate-addons-for-gutenberg/lib/zipwp-images/classes/zipwp-images-api.php on line 471
[22-Jun-2025 15:40:33 UTC] PHP Warning:  Undefined array key 1 in /home/tushar/Local Sites/e-commerce/app/public/wp-content/plugins/ultimate-addons-for-gutenberg/lib/zipwp-images/classes/zipwp-images-api.php on line 471
[22-Jun-2025 15:40:33 UTC] PHP Warning:  Undefined array key 1 in /home/tushar/Local Sites/e-commerce/app/public/wp-content/plugins/ultimate-addons-for-gutenberg/lib/zipwp-images/classes/zipwp-images-api.php on line 471
[22-Jun-2025 15:40:33 UTC] PHP Warning:  Undefined array key 1 in /home/tushar/Local Sites/e-commerce/app/public/wp-content/plugins/ultimate-addons-for-gutenberg/lib/zipwp-images/classes/zipwp-images-api.php on line 471
[22-Jun-2025 15:40:33 UTC] PHP Warning:  Undefined array key 1 in /home/tushar/Local Sites/e-commerce/app/public/wp-content/plugins/ultimate-addons-for-gutenberg/lib/zipwp-images/classes/zipwp-images-api.php on line 471
[22-Jun-2025 15:40:33 UTC] PHP Warning:  Undefined array key 1 in /home/tushar/Local Sites/e-commerce/app/public/wp-content/plugins/ultimate-addons-for-gutenberg/lib/zipwp-images/classes/zipwp-images-api.php on line 471
[22-Jun-2025 15:40:33 UTC] PHP Warning:  Undefined array key 1 in /home/tushar/Local Sites/e-commerce/app/public/wp-content/plugins/ultimate-addons-for-gutenberg/lib/zipwp-images/classes/zipwp-images-api.php on line 471
[22-Jun-2025 15:40:33 UTC] PHP Warning:  Undefined array key 1 in /home/tushar/Local Sites/e-commerce/app/public/wp-content/plugins/ultimate-addons-for-gutenberg/lib/zipwp-images/classes/zipwp-images-api.php on line 471
[22-Jun-2025 15:40:33 UTC] PHP Warning:  Undefined array key 1 in /home/tushar/Local Sites/e-commerce/app/public/wp-content/plugins/ultimate-addons-for-gutenberg/lib/zipwp-images/classes/zipwp-images-api.php on line 471
[22-Jun-2025 15:40:33 UTC] PHP Warning:  Undefined array key 1 in /home/tushar/Local Sites/e-commerce/app/public/wp-content/plugins/ultimate-addons-for-gutenberg/lib/zipwp-images/classes/zipwp-images-api.php on line 471
[22-Jun-2025 15:40:33 UTC] PHP Warning:  Undefined array key 1 in /home/tushar/Local Sites/e-commerce/app/public/wp-content/plugins/ultimate-addons-for-gutenberg/lib/zipwp-images/classes/zipwp-images-api.php on line 471
[22-Jun-2025 15:40:33 UTC] PHP Warning:  Undefined array key 1 in /home/tushar/Local Sites/e-commerce/app/public/wp-content/plugins/ultimate-addons-for-gutenberg/lib/zipwp-images/classes/zipwp-images-api.php on line 471
[22-Jun-2025 15:40:33 UTC] PHP Warning:  Undefined array key 1 in /home/tushar/Local Sites/e-commerce/app/public/wp-content/plugins/ultimate-addons-for-gutenberg/lib/zipwp-images/classes/zipwp-images-api.php on line 471
[22-Jun-2025 15:40:33 UTC] PHP Warning:  Undefined array key 1 in /home/tushar/Local Sites/e-commerce/app/public/wp-content/plugins/ultimate-addons-for-gutenberg/lib/zipwp-images/classes/zipwp-images-api.php on line 471
[22-Jun-2025 15:40:33 UTC] PHP Warning:  Undefined array key 1 in /home/tushar/Local Sites/e-commerce/app/public/wp-content/plugins/ultimate-addons-for-gutenberg/lib/zipwp-images/classes/zipwp-images-api.php on line 471
[22-Jun-2025 15:40:33 UTC] PHP Warning:  Undefined array key 1 in /home/tushar/Local Sites/e-commerce/app/public/wp-content/plugins/ultimate-addons-for-gutenberg/lib/zipwp-images/classes/zipwp-images-api.php on line 471
[22-Jun-2025 15:40:33 UTC] PHP Warning:  Undefined array key 1 in /home/tushar/Local Sites/e-commerce/app/public/wp-content/plugins/ultimate-addons-for-gutenberg/lib/zipwp-images/classes/zipwp-images-api.php on line 471
[22-Jun-2025 15:40:33 UTC] PHP Warning:  Undefined array key 1 in /home/tushar/Local Sites/e-commerce/app/public/wp-content/plugins/ultimate-addons-for-gutenberg/lib/zipwp-images/classes/zipwp-images-api.php on line 471
[22-Jun-2025 15:40:33 UTC] PHP Warning:  Undefined array key 1 in /home/tushar/Local Sites/e-commerce/app/public/wp-content/plugins/ultimate-addons-for-gutenberg/lib/zipwp-images/classes/zipwp-images-api.php on line 471
[22-Jun-2025 15:40:33 UTC] PHP Warning:  Undefined array key 1 in /home/tushar/Local Sites/e-commerce/app/public/wp-content/plugins/ultimate-addons-for-gutenberg/lib/zipwp-images/classes/zipwp-images-api.php on line 471
[22-Jun-2025 15:40:33 UTC] PHP Warning:  Undefined array key 1 in /home/tushar/Local Sites/e-commerce/app/public/wp-content/plugins/ultimate-addons-for-gutenberg/lib/zipwp-images/classes/zipwp-images-api.php on line 471
[22-Jun-2025 15:40:35 UTC] PHP Warning:  Undefined array key 1 in /home/tushar/Local Sites/e-commerce/app/public/wp-content/plugins/ultimate-addons-for-gutenberg/lib/zipwp-images/classes/zipwp-images-api.php on line 471
[22-Jun-2025 15:40:35 UTC] PHP Warning:  Undefined array key 1 in /home/tushar/Local Sites/e-commerce/app/public/wp-content/plugins/ultimate-addons-for-gutenberg/lib/zipwp-images/classes/zipwp-images-api.php on line 471
[22-Jun-2025 15:40:35 UTC] PHP Warning:  Undefined array key 1 in /home/tushar/Local Sites/e-commerce/app/public/wp-content/plugins/ultimate-addons-for-gutenberg/lib/zipwp-images/classes/zipwp-images-api.php on line 471
[22-Jun-2025 15:40:35 UTC] PHP Warning:  Undefined array key 1 in /home/tushar/Local Sites/e-commerce/app/public/wp-content/plugins/ultimate-addons-for-gutenberg/lib/zipwp-images/classes/zipwp-images-api.php on line 471
[22-Jun-2025 15:40:35 UTC] PHP Warning:  Undefined array key 1 in /home/tushar/Local Sites/e-commerce/app/public/wp-content/plugins/ultimate-addons-for-gutenberg/lib/zipwp-images/classes/zipwp-images-api.php on line 471
[22-Jun-2025 15:40:35 UTC] PHP Warning:  Undefined array key 1 in /home/tushar/Local Sites/e-commerce/app/public/wp-content/plugins/ultimate-addons-for-gutenberg/lib/zipwp-images/classes/zipwp-images-api.php on line 471
[22-Jun-2025 15:40:35 UTC] PHP Warning:  Undefined array key 1 in /home/tushar/Local Sites/e-commerce/app/public/wp-content/plugins/ultimate-addons-for-gutenberg/lib/zipwp-images/classes/zipwp-images-api.php on line 471
[22-Jun-2025 15:40:35 UTC] PHP Warning:  Undefined array key 1 in /home/tushar/Local Sites/e-commerce/app/public/wp-content/plugins/ultimate-addons-for-gutenberg/lib/zipwp-images/classes/zipwp-images-api.php on line 471
[22-Jun-2025 15:40:35 UTC] PHP Warning:  Undefined array key 1 in /home/tushar/Local Sites/e-commerce/app/public/wp-content/plugins/ultimate-addons-for-gutenberg/lib/zipwp-images/classes/zipwp-images-api.php on line 471
[22-Jun-2025 15:40:35 UTC] PHP Warning:  Undefined array key 1 in /home/tushar/Local Sites/e-commerce/app/public/wp-content/plugins/ultimate-addons-for-gutenberg/lib/zipwp-images/classes/zipwp-images-api.php on line 471
[22-Jun-2025 15:40:35 UTC] PHP Warning:  Undefined array key 1 in /home/tushar/Local Sites/e-commerce/app/public/wp-content/plugins/ultimate-addons-for-gutenberg/lib/zipwp-images/classes/zipwp-images-api.php on line 471
[22-Jun-2025 15:40:35 UTC] PHP Warning:  Undefined array key 1 in /home/tushar/Local Sites/e-commerce/app/public/wp-content/plugins/ultimate-addons-for-gutenberg/lib/zipwp-images/classes/zipwp-images-api.php on line 471
[22-Jun-2025 15:40:35 UTC] PHP Warning:  Undefined array key 1 in /home/tushar/Local Sites/e-commerce/app/public/wp-content/plugins/ultimate-addons-for-gutenberg/lib/zipwp-images/classes/zipwp-images-api.php on line 471
[22-Jun-2025 15:40:35 UTC] PHP Warning:  Undefined array key 1 in /home/tushar/Local Sites/e-commerce/app/public/wp-content/plugins/ultimate-addons-for-gutenberg/lib/zipwp-images/classes/zipwp-images-api.php on line 471
[22-Jun-2025 15:40:35 UTC] PHP Warning:  Undefined array key 1 in /home/tushar/Local Sites/e-commerce/app/public/wp-content/plugins/ultimate-addons-for-gutenberg/lib/zipwp-images/classes/zipwp-images-api.php on line 471
[22-Jun-2025 15:40:35 UTC] PHP Warning:  Undefined array key 1 in /home/tushar/Local Sites/e-commerce/app/public/wp-content/plugins/ultimate-addons-for-gutenberg/lib/zipwp-images/classes/zipwp-images-api.php on line 471
[22-Jun-2025 15:40:35 UTC] PHP Warning:  Undefined array key 1 in /home/tushar/Local Sites/e-commerce/app/public/wp-content/plugins/ultimate-addons-for-gutenberg/lib/zipwp-images/classes/zipwp-images-api.php on line 471
[22-Jun-2025 15:40:35 UTC] PHP Warning:  Undefined array key 1 in /home/tushar/Local Sites/e-commerce/app/public/wp-content/plugins/ultimate-addons-for-gutenberg/lib/zipwp-images/classes/zipwp-images-api.php on line 471
[22-Jun-2025 15:40:35 UTC] PHP Warning:  Undefined array key 1 in /home/tushar/Local Sites/e-commerce/app/public/wp-content/plugins/ultimate-addons-for-gutenberg/lib/zipwp-images/classes/zipwp-images-api.php on line 471
[22-Jun-2025 15:40:35 UTC] PHP Warning:  Undefined array key 1 in /home/tushar/Local Sites/e-commerce/app/public/wp-content/plugins/ultimate-addons-for-gutenberg/lib/zipwp-images/classes/zipwp-images-api.php on line 471
[22-Jun-2025 15:40:38 UTC] PHP Warning:  Undefined array key 1 in /home/tushar/Local Sites/e-commerce/app/public/wp-content/plugins/ultimate-addons-for-gutenberg/lib/zipwp-images/classes/zipwp-images-api.php on line 471
[22-Jun-2025 15:40:38 UTC] PHP Warning:  Undefined array key 1 in /home/tushar/Local Sites/e-commerce/app/public/wp-content/plugins/ultimate-addons-for-gutenberg/lib/zipwp-images/classes/zipwp-images-api.php on line 471
[22-Jun-2025 15:40:38 UTC] PHP Warning:  Undefined array key 1 in /home/tushar/Local Sites/e-commerce/app/public/wp-content/plugins/ultimate-addons-for-gutenberg/lib/zipwp-images/classes/zipwp-images-api.php on line 471
[22-Jun-2025 15:40:38 UTC] PHP Warning:  Undefined array key 1 in /home/tushar/Local Sites/e-commerce/app/public/wp-content/plugins/ultimate-addons-for-gutenberg/lib/zipwp-images/classes/zipwp-images-api.php on line 471
[22-Jun-2025 15:40:38 UTC] PHP Warning:  Undefined array key 1 in /home/tushar/Local Sites/e-commerce/app/public/wp-content/plugins/ultimate-addons-for-gutenberg/lib/zipwp-images/classes/zipwp-images-api.php on line 471
[22-Jun-2025 15:40:38 UTC] PHP Warning:  Undefined array key 1 in /home/tushar/Local Sites/e-commerce/app/public/wp-content/plugins/ultimate-addons-for-gutenberg/lib/zipwp-images/classes/zipwp-images-api.php on line 471
[22-Jun-2025 15:40:38 UTC] PHP Warning:  Undefined array key 1 in /home/tushar/Local Sites/e-commerce/app/public/wp-content/plugins/ultimate-addons-for-gutenberg/lib/zipwp-images/classes/zipwp-images-api.php on line 471
[22-Jun-2025 15:40:38 UTC] PHP Warning:  Undefined array key 1 in /home/tushar/Local Sites/e-commerce/app/public/wp-content/plugins/ultimate-addons-for-gutenberg/lib/zipwp-images/classes/zipwp-images-api.php on line 471
[22-Jun-2025 15:40:38 UTC] PHP Warning:  Undefined array key 1 in /home/tushar/Local Sites/e-commerce/app/public/wp-content/plugins/ultimate-addons-for-gutenberg/lib/zipwp-images/classes/zipwp-images-api.php on line 471
[22-Jun-2025 15:40:38 UTC] PHP Warning:  Undefined array key 1 in /home/tushar/Local Sites/e-commerce/app/public/wp-content/plugins/ultimate-addons-for-gutenberg/lib/zipwp-images/classes/zipwp-images-api.php on line 471
[22-Jun-2025 15:40:38 UTC] PHP Warning:  Undefined array key 1 in /home/tushar/Local Sites/e-commerce/app/public/wp-content/plugins/ultimate-addons-for-gutenberg/lib/zipwp-images/classes/zipwp-images-api.php on line 471
[22-Jun-2025 15:40:38 UTC] PHP Warning:  Undefined array key 1 in /home/tushar/Local Sites/e-commerce/app/public/wp-content/plugins/ultimate-addons-for-gutenberg/lib/zipwp-images/classes/zipwp-images-api.php on line 471
[22-Jun-2025 15:40:38 UTC] PHP Warning:  Undefined array key 1 in /home/tushar/Local Sites/e-commerce/app/public/wp-content/plugins/ultimate-addons-for-gutenberg/lib/zipwp-images/classes/zipwp-images-api.php on line 471
[22-Jun-2025 15:40:38 UTC] PHP Warning:  Undefined array key 1 in /home/tushar/Local Sites/e-commerce/app/public/wp-content/plugins/ultimate-addons-for-gutenberg/lib/zipwp-images/classes/zipwp-images-api.php on line 471
[22-Jun-2025 15:40:38 UTC] PHP Warning:  Undefined array key 1 in /home/tushar/Local Sites/e-commerce/app/public/wp-content/plugins/ultimate-addons-for-gutenberg/lib/zipwp-images/classes/zipwp-images-api.php on line 471
[22-Jun-2025 15:40:38 UTC] PHP Warning:  Undefined array key 1 in /home/tushar/Local Sites/e-commerce/app/public/wp-content/plugins/ultimate-addons-for-gutenberg/lib/zipwp-images/classes/zipwp-images-api.php on line 471
[22-Jun-2025 15:40:38 UTC] PHP Warning:  Undefined array key 1 in /home/tushar/Local Sites/e-commerce/app/public/wp-content/plugins/ultimate-addons-for-gutenberg/lib/zipwp-images/classes/zipwp-images-api.php on line 471
[22-Jun-2025 15:40:38 UTC] PHP Warning:  Undefined array key 1 in /home/tushar/Local Sites/e-commerce/app/public/wp-content/plugins/ultimate-addons-for-gutenberg/lib/zipwp-images/classes/zipwp-images-api.php on line 471
[22-Jun-2025 15:40:38 UTC] PHP Warning:  Undefined array key 1 in /home/tushar/Local Sites/e-commerce/app/public/wp-content/plugins/ultimate-addons-for-gutenberg/lib/zipwp-images/classes/zipwp-images-api.php on line 471
[22-Jun-2025 15:40:38 UTC] PHP Warning:  Undefined array key 1 in /home/tushar/Local Sites/e-commerce/app/public/wp-content/plugins/ultimate-addons-for-gutenberg/lib/zipwp-images/classes/zipwp-images-api.php on line 471
[22-Jun-2025 15:41:45 UTC] PHP Warning:  Undefined array key 1 in /home/tushar/Local Sites/e-commerce/app/public/wp-content/plugins/ultimate-addons-for-gutenberg/lib/zipwp-images/classes/zipwp-images-api.php on line 471
[22-Jun-2025 15:41:45 UTC] PHP Warning:  Undefined array key 1 in /home/tushar/Local Sites/e-commerce/app/public/wp-content/plugins/ultimate-addons-for-gutenberg/lib/zipwp-images/classes/zipwp-images-api.php on line 471
[22-Jun-2025 15:41:45 UTC] PHP Warning:  Undefined array key 1 in /home/tushar/Local Sites/e-commerce/app/public/wp-content/plugins/ultimate-addons-for-gutenberg/lib/zipwp-images/classes/zipwp-images-api.php on line 471
[22-Jun-2025 15:41:45 UTC] PHP Warning:  Undefined array key 1 in /home/tushar/Local Sites/e-commerce/app/public/wp-content/plugins/ultimate-addons-for-gutenberg/lib/zipwp-images/classes/zipwp-images-api.php on line 471
[22-Jun-2025 15:41:45 UTC] PHP Warning:  Undefined array key 1 in /home/tushar/Local Sites/e-commerce/app/public/wp-content/plugins/ultimate-addons-for-gutenberg/lib/zipwp-images/classes/zipwp-images-api.php on line 471
[22-Jun-2025 15:41:45 UTC] PHP Warning:  Undefined array key 1 in /home/tushar/Local Sites/e-commerce/app/public/wp-content/plugins/ultimate-addons-for-gutenberg/lib/zipwp-images/classes/zipwp-images-api.php on line 471
[22-Jun-2025 15:41:45 UTC] PHP Warning:  Undefined array key 1 in /home/tushar/Local Sites/e-commerce/app/public/wp-content/plugins/ultimate-addons-for-gutenberg/lib/zipwp-images/classes/zipwp-images-api.php on line 471
[22-Jun-2025 15:41:45 UTC] PHP Warning:  Undefined array key 1 in /home/tushar/Local Sites/e-commerce/app/public/wp-content/plugins/ultimate-addons-for-gutenberg/lib/zipwp-images/classes/zipwp-images-api.php on line 471
[22-Jun-2025 15:41:45 UTC] PHP Warning:  Undefined array key 1 in /home/tushar/Local Sites/e-commerce/app/public/wp-content/plugins/ultimate-addons-for-gutenberg/lib/zipwp-images/classes/zipwp-images-api.php on line 471
[22-Jun-2025 15:41:45 UTC] PHP Warning:  Undefined array key 1 in /home/tushar/Local Sites/e-commerce/app/public/wp-content/plugins/ultimate-addons-for-gutenberg/lib/zipwp-images/classes/zipwp-images-api.php on line 471
[22-Jun-2025 15:41:45 UTC] PHP Warning:  Undefined array key 1 in /home/tushar/Local Sites/e-commerce/app/public/wp-content/plugins/ultimate-addons-for-gutenberg/lib/zipwp-images/classes/zipwp-images-api.php on line 471
[22-Jun-2025 15:41:45 UTC] PHP Warning:  Undefined array key 1 in /home/tushar/Local Sites/e-commerce/app/public/wp-content/plugins/ultimate-addons-for-gutenberg/lib/zipwp-images/classes/zipwp-images-api.php on line 471
[22-Jun-2025 15:41:45 UTC] PHP Warning:  Undefined array key 1 in /home/tushar/Local Sites/e-commerce/app/public/wp-content/plugins/ultimate-addons-for-gutenberg/lib/zipwp-images/classes/zipwp-images-api.php on line 471
[22-Jun-2025 15:41:45 UTC] PHP Warning:  Undefined array key 1 in /home/tushar/Local Sites/e-commerce/app/public/wp-content/plugins/ultimate-addons-for-gutenberg/lib/zipwp-images/classes/zipwp-images-api.php on line 471
[22-Jun-2025 15:41:45 UTC] PHP Warning:  Undefined array key 1 in /home/tushar/Local Sites/e-commerce/app/public/wp-content/plugins/ultimate-addons-for-gutenberg/lib/zipwp-images/classes/zipwp-images-api.php on line 471
[22-Jun-2025 15:41:45 UTC] PHP Warning:  Undefined array key 1 in /home/tushar/Local Sites/e-commerce/app/public/wp-content/plugins/ultimate-addons-for-gutenberg/lib/zipwp-images/classes/zipwp-images-api.php on line 471
[22-Jun-2025 15:41:45 UTC] PHP Warning:  Undefined array key 1 in /home/tushar/Local Sites/e-commerce/app/public/wp-content/plugins/ultimate-addons-for-gutenberg/lib/zipwp-images/classes/zipwp-images-api.php on line 471
[22-Jun-2025 15:41:45 UTC] PHP Warning:  Undefined array key 1 in /home/tushar/Local Sites/e-commerce/app/public/wp-content/plugins/ultimate-addons-for-gutenberg/lib/zipwp-images/classes/zipwp-images-api.php on line 471
[22-Jun-2025 15:41:45 UTC] PHP Warning:  Undefined array key 1 in /home/tushar/Local Sites/e-commerce/app/public/wp-content/plugins/ultimate-addons-for-gutenberg/lib/zipwp-images/classes/zipwp-images-api.php on line 471
[22-Jun-2025 15:41:45 UTC] PHP Warning:  Undefined array key 1 in /home/tushar/Local Sites/e-commerce/app/public/wp-content/plugins/ultimate-addons-for-gutenberg/lib/zipwp-images/classes/zipwp-images-api.php on line 471
[22-Jun-2025 15:42:16 UTC] PHP Warning:  Undefined array key 1 in /home/tushar/Local Sites/e-commerce/app/public/wp-content/plugins/ultimate-addons-for-gutenberg/lib/zipwp-images/classes/zipwp-images-api.php on line 471
[22-Jun-2025 15:42:16 UTC] PHP Warning:  Undefined array key 1 in /home/tushar/Local Sites/e-commerce/app/public/wp-content/plugins/ultimate-addons-for-gutenberg/lib/zipwp-images/classes/zipwp-images-api.php on line 471
[22-Jun-2025 15:42:16 UTC] PHP Warning:  Undefined array key 1 in /home/tushar/Local Sites/e-commerce/app/public/wp-content/plugins/ultimate-addons-for-gutenberg/lib/zipwp-images/classes/zipwp-images-api.php on line 471
[22-Jun-2025 15:42:16 UTC] PHP Warning:  Undefined array key 1 in /home/tushar/Local Sites/e-commerce/app/public/wp-content/plugins/ultimate-addons-for-gutenberg/lib/zipwp-images/classes/zipwp-images-api.php on line 471
[22-Jun-2025 15:42:16 UTC] PHP Warning:  Undefined array key 1 in /home/tushar/Local Sites/e-commerce/app/public/wp-content/plugins/ultimate-addons-for-gutenberg/lib/zipwp-images/classes/zipwp-images-api.php on line 471
[22-Jun-2025 15:42:16 UTC] PHP Warning:  Undefined array key 1 in /home/tushar/Local Sites/e-commerce/app/public/wp-content/plugins/ultimate-addons-for-gutenberg/lib/zipwp-images/classes/zipwp-images-api.php on line 471
[22-Jun-2025 15:42:16 UTC] PHP Warning:  Undefined array key 1 in /home/tushar/Local Sites/e-commerce/app/public/wp-content/plugins/ultimate-addons-for-gutenberg/lib/zipwp-images/classes/zipwp-images-api.php on line 471
[22-Jun-2025 15:42:16 UTC] PHP Warning:  Undefined array key 1 in /home/tushar/Local Sites/e-commerce/app/public/wp-content/plugins/ultimate-addons-for-gutenberg/lib/zipwp-images/classes/zipwp-images-api.php on line 471
[22-Jun-2025 15:42:16 UTC] PHP Warning:  Undefined array key 1 in /home/tushar/Local Sites/e-commerce/app/public/wp-content/plugins/ultimate-addons-for-gutenberg/lib/zipwp-images/classes/zipwp-images-api.php on line 471
[22-Jun-2025 15:42:16 UTC] PHP Warning:  Undefined array key 1 in /home/tushar/Local Sites/e-commerce/app/public/wp-content/plugins/ultimate-addons-for-gutenberg/lib/zipwp-images/classes/zipwp-images-api.php on line 471
[22-Jun-2025 15:42:16 UTC] PHP Warning:  Undefined array key 1 in /home/tushar/Local Sites/e-commerce/app/public/wp-content/plugins/ultimate-addons-for-gutenberg/lib/zipwp-images/classes/zipwp-images-api.php on line 471
[22-Jun-2025 15:42:16 UTC] PHP Warning:  Undefined array key 1 in /home/tushar/Local Sites/e-commerce/app/public/wp-content/plugins/ultimate-addons-for-gutenberg/lib/zipwp-images/classes/zipwp-images-api.php on line 471
[22-Jun-2025 15:42:16 UTC] PHP Warning:  Undefined array key 1 in /home/tushar/Local Sites/e-commerce/app/public/wp-content/plugins/ultimate-addons-for-gutenberg/lib/zipwp-images/classes/zipwp-images-api.php on line 471
[22-Jun-2025 15:42:16 UTC] PHP Warning:  Undefined array key 1 in /home/tushar/Local Sites/e-commerce/app/public/wp-content/plugins/ultimate-addons-for-gutenberg/lib/zipwp-images/classes/zipwp-images-api.php on line 471
[22-Jun-2025 15:42:16 UTC] PHP Warning:  Undefined array key 1 in /home/tushar/Local Sites/e-commerce/app/public/wp-content/plugins/ultimate-addons-for-gutenberg/lib/zipwp-images/classes/zipwp-images-api.php on line 471
[22-Jun-2025 15:42:16 UTC] PHP Warning:  Undefined array key 1 in /home/tushar/Local Sites/e-commerce/app/public/wp-content/plugins/ultimate-addons-for-gutenberg/lib/zipwp-images/classes/zipwp-images-api.php on line 471
[22-Jun-2025 15:42:16 UTC] PHP Warning:  Undefined array key 1 in /home/tushar/Local Sites/e-commerce/app/public/wp-content/plugins/ultimate-addons-for-gutenberg/lib/zipwp-images/classes/zipwp-images-api.php on line 471
[22-Jun-2025 15:42:16 UTC] PHP Warning:  Undefined array key 1 in /home/tushar/Local Sites/e-commerce/app/public/wp-content/plugins/ultimate-addons-for-gutenberg/lib/zipwp-images/classes/zipwp-images-api.php on line 471
[22-Jun-2025 15:42:16 UTC] PHP Warning:  Undefined array key 1 in /home/tushar/Local Sites/e-commerce/app/public/wp-content/plugins/ultimate-addons-for-gutenberg/lib/zipwp-images/classes/zipwp-images-api.php on line 471
[22-Jun-2025 15:42:16 UTC] PHP Warning:  Undefined array key 1 in /home/tushar/Local Sites/e-commerce/app/public/wp-content/plugins/ultimate-addons-for-gutenberg/lib/zipwp-images/classes/zipwp-images-api.php on line 471
[22-Jun-2025 15:42:55 UTC] PHP Warning:  Undefined array key "width" in /home/tushar/Local Sites/e-commerce/app/public/wp-admin/includes/image.php on line 110
[22-Jun-2025 15:42:55 UTC] PHP Warning:  Undefined array key "height" in /home/tushar/Local Sites/e-commerce/app/public/wp-admin/includes/image.php on line 111
